<?xml version="1.0" encoding="UTF-8"?>
<!-- Generated by org.testng.reporters.JUnitXMLReporter -->
<testsuite ignored="0" hostname="LAPTOP-0EGBC8RT" failures="0" tests="5" name="Test" time="87.98" errors="0" timestamp="2026-04-15T21:22:55 IST">
  <testcase classname="TestClasses.LoginTest" name="executeLogin" time="8.103"/>
  <testcase classname="TestClasses.CreateNewAppointmentTest" name="CreateNewAppointment" time="8.471"/>
  <testcase classname="TestClasses.CreateNewAppointmentTest" name="CreateNewAppointment" time="7.704"/>
  <testcase classname="TestClasses.BookedAppointmentTest" name="createAndValiDateHistory" time="22.662"/>
  <testcase classname="TestClasses.LogoutTest" name="executeLogout" time="7.356"/>
</testsuite> <!-- Test -->
