<?xml version="1.0" encoding="UTF-8"?>
<!-- Generated by org.testng.reporters.JUnitReportReporter -->
<testsuite hostname="LAPTOP-0EGBC8RT" failures="0" tests="1" name="TestClasses.BookedAppointmentTest" time="28.099" errors="0" timestamp="2026-04-15T21:22:55 IST" skipped="0">
  <testcase classname="TestClasses.BookedAppointmentTest" name="createAndValiDateHistory" time="28.099"/>
  <system-out>
    <![CDATA[Opening Browser for Execution
TestCase Successfull]]>
  </system-out>
</testsuite> <!-- TestClasses.BookedAppointmentTest -->
