<?xml version="1.0" encoding="UTF-8"?>
<!-- Generated by org.testng.reporters.JUnitReportReporter -->
<testsuite hostname="LAPTOP-0EGBC8RT" failures="0" tests="2" name="TestClasses.CreateNewAppointmentTest" time="28.822" errors="0" timestamp="2026-04-15T21:22:55 IST" skipped="0">
  <testcase classname="TestClasses.CreateNewAppointmentTest" name="CreateNewAppointment" time="15.630"/>
  <system-out>
    <![CDATA[Opening Browser for Execution
TestCase Successfull]]>
  </system-out>
  <testcase classname="TestClasses.CreateNewAppointmentTest" name="CreateNewAppointment" time="13.192"/>
  <system-out>
    <![CDATA[Opening Browser for Execution
TestCase Successfull]]>
  </system-out>
</testsuite> <!-- TestClasses.CreateNewAppointmentTest -->
